mode: atomic
github.com/barthr/cxtgo/binance.go:17.48,31.2 5 0
github.com/barthr/cxtgo/binance.go:33.40,35.2 1 0
github.com/barthr/cxtgo/binance.go:37.70,38.26 1 0
github.com/barthr/cxtgo/binance.go:41.71,42.26 1 0
github.com/barthr/cxtgo/binance.go:45.70,46.26 1 0
github.com/barthr/cxtgo/binance.go:49.71,50.26 1 0
github.com/barthr/cxtgo/binance.go:53.73,54.26 1 0
github.com/barthr/cxtgo/binance.go:57.69,58.26 1 0
github.com/barthr/cxtgo/binance.go:61.70,62.26 1 0
github.com/barthr/cxtgo/binance.go:65.71,66.26 1 0
github.com/barthr/cxtgo/binance.go:69.70,70.26 1 0
github.com/barthr/cxtgo/binance.go:73.70,74.26 1 0
github.com/barthr/cxtgo/binance.go:77.74,78.26 1 0
github.com/barthr/cxtgo/binance.go:81.69,82.26 1 0
github.com/barthr/cxtgo/binance.go:85.70,86.26 1 0
github.com/barthr/cxtgo/binance.go:89.74,90.26 1 0
github.com/barthr/cxtgo/binance.go:93.76,94.26 1 0
github.com/barthr/cxtgo/binance.go:97.72,98.26 1 0
github.com/barthr/cxtgo/binance.go:101.66,102.26 1 0
github.com/barthr/cxtgo/binance.go:105.67,106.26 1 0
